<?xml version="1.0" encoding="UTF-8"?>
<testsuite name="ec.edu.uce.git.GitApplicationTests" tests="1" skipped="0" failures="0" errors="0" timestamp="2024-10-11T15:58:26" hostname="DESKTOP-415Q10D" time="2.966">
  <properties/>
  <testcase name="contextLoads()" classname="ec.edu.uce.git.GitApplicationTests" time="2.966"/>
  <system-out><![CDATA[10:58:20.174 [Test worker] INFO org.springframework.test.context.support.AnnotationConfigContextLoaderUtils -- Could not detect default configuration classes for test class [ec.edu.uce.git.GitApplicationTests]: GitApplicationTests does not declare any static, non-private, non-final, nested classes annotated with @Configuration.
10:58:20.559 [Test worker] INFO org.springframework.boot.test.context.SpringBootTestContextBootstrapper -- Found @SpringBootConfiguration ec.edu.uce.git.GitApplication for test class ec.edu.uce.git.GitApplicationTests

  .   ____          _            __ _ _
 /\\ / ___'_ __ _ _(_)_ __  __ _ \ \ \ \
( ( )\___ | '_ | '_| | '_ \/ _` | \ \ \ \
 \\/  ___)| |_)| | | | | || (_| |  ) ) ) )
  '  |____| .__|_| |_|_| |_\__, | / / / /
 =========|_|==============|___/=/_/_/_/
 :: Spring Boot ::                (v3.1.0)

2024-10-11T10:58:22.373-05:00  INFO 8720 --- [    Test worker] ec.edu.uce.git.GitApplicationTests       : Starting GitApplicationTests using Java 17.0.12 with PID 8720 (started by Jessy in C:\Users\Jessy\Downloads\Test-App-With-SpringBoot-master\Test-App-With-SpringBoot-master)
2024-10-11T10:58:22.380-05:00  INFO 8720 --- [    Test worker] ec.edu.uce.git.GitApplicationTests       : No active profile set, falling back to 1 default profile: "default"
2024-10-11T10:58:26.472-05:00  INFO 8720 --- [    Test worker] ec.edu.uce.git.GitApplicationTests       : Started GitApplicationTests in 5.235 seconds (process running for 9.625)
]]></system-out>
  <system-err><![CDATA[]]></system-err>
</testsuite>
